<?xml version="1.0" encoding="UTF-8"?>
<!-- Generated by org.testng.reporters.JUnitReportReporter -->
<testsuite hostname="Gilberto" failures="0" tests="1" name="DemoQATest" time="13.170" errors="0" timestamp="2022-09-28T20:58:01 CDT" skipped="0">
  <testcase classname="DemoQATest" name="sendkeysDemoQA" time="13.170"/>
  <system-out/>
</testsuite> <!-- DemoQATest -->
