<?xml version="1.0" encoding="UTF-8"?>
<!-- Generated by org.testng.reporters.JUnitReportReporter -->
<testsuite hostname="LAPTOP-BS5MJ7K4" failures="0" tests="2" name="TestAutomationMyStoreTest" time="6.024" errors="0" timestamp="2022-10-01T09:55:23 COT" skipped="0">
  <testcase classname="TestAutomationMyStoreTest" name="FadeShortMoreDetails" time="2.741"/>
  <system-out/>
  <testcase classname="TestAutomationMyStoreTest" name="addToCartFadeShort" time="3.283"/>
  <system-out/>
</testsuite> <!-- TestAutomationMyStoreTest -->
