<?xml version="1.0" encoding="UTF-8"?>
<!-- Generated by org.testng.reporters.JUnitReportReporter -->
<testsuite hostname="LAPTOP-BS5MJ7K4" failures="0" tests="4" name="DemoQAHomeTest" time="2.552" errors="0" timestamp="2022-10-01T09:55:23 COT" skipped="0">
  <testcase classname="DemoQAHomeTest" name="selectElements" time="0.200"/>
  <system-out/>
  <testcase classname="DemoQAHomeTest" name="verifyForm" time="0.343"/>
  <system-out/>
  <testcase classname="DemoQAHomeTest" name="invalidEmail" time="0.658"/>
  <system-out/>
  <testcase classname="DemoQAHomeTest" name="validEmail" time="1.351"/>
  <system-out/>
</testsuite> <!-- DemoQAHomeTest -->
