<?xml version="1.0" encoding="UTF-8"?>
<!-- Generated by org.testng.reporters.JUnitReportReporter -->
<testsuite hostname="LAPTOP-BS5MJ7K4" failures="0" tests="3" name="DemoQAHomeTest" time="1.413" errors="0" timestamp="2022-09-28T20:55:42 COT" skipped="0">
  <testcase classname="DemoQAHomeTest" name="selectElements" time="0.268"/>
  <system-out/>
  <testcase classname="DemoQAHomeTest" name="verifyForm" time="0.398"/>
  <system-out/>
  <testcase classname="DemoQAHomeTest" name="validEmail" time="0.747"/>
  <system-out/>
</testsuite> <!-- DemoQAHomeTest -->
